<?xml version="1.0" encoding="UTF-8"?>
<testng-results skipped="0" failed="0" total="1" passed="1">
  <reporter-output>
  </reporter-output>
  <suite name="Suite" duration-ms="14001" started-at="2021-05-29T16:29:30Z" finished-at="2021-05-29T16:29:44Z">
    <groups>
    </groups>
    <test name="Test" duration-ms="14001" started-at="2021-05-29T16:29:30Z" finished-at="2021-05-29T16:29:44Z">
      <class name="nekmsample.NewTest">
        <test-method status="PASS" signature="beforeClass()[pri:0, instance:nekmsample.NewTest@7f63425a]" name="beforeClass" is-config="true" duration-ms="4273" started-at="2021-05-29T21:59:30Z" finished-at="2021-05-29T21:59:34Z">
          <reporter-output>
          </reporter-output>
        </test-method> <!-- beforeClass -->
        <test-method status="PASS" signature="openMyBlog()[pri:0, instance:nekmsample.NewTest@7f63425a]" name="openMyBlog" duration-ms="7365" started-at="2021-05-29T21:59:34Z" finished-at="2021-05-29T21:59:42Z">
          <reporter-output>
          </reporter-output>
        </test-method> <!-- openMyBlog -->
        <test-method status="PASS" signature="afterClass()[pri:0, instance:nekmsample.NewTest@7f63425a]" name="afterClass" is-config="true" duration-ms="2354" started-at="2021-05-29T21:59:42Z" finished-at="2021-05-29T21:59:44Z">
          <reporter-output>
          </reporter-output>
        </test-method> <!-- afterClass -->
      </class> <!-- nekmsample.NewTest -->
    </test> <!-- Test -->
  </suite> <!-- Suite -->
</testng-results>
